<?xml version="1.0" encoding="UTF-8"?>
<testsuite xmlns:xsi="http://www.w3.org/2001/XMLSchema-instance" xsi:noNamespaceSchemaLocation="https://maven.apache.org/surefire/maven-surefire-plugin/xsd/surefire-test-report-3.0.xsd" version="3.0" name="com.abc.dataAccessObject.ProductImpTest" time="0.134" tests="4" errors="0" skipped="0" failures="0">
  <properties>
    <property name="java.specification.version" value="17"/>
    <property name="sun.jnu.encoding" value="UTF-8"/>
    <property name="java.class.path" value="/home/neela1/Industry-Grade-Project/target/test-classes:/home/neela1/Industry-Grade-Project/target/classes:/home/neela1/.m2/repository/junit/junit/4.4/junit-4.4.jar:/home/neela1/.m2/repository/org/jacoco/jacoco-maven-plugin/0.8.6/jacoco-maven-plugin-0.8.6.jar:/home/neela1/.m2/repository/org/apache/maven/maven-plugin-api/3.0/maven-plugin-api-3.0.jar:/home/neela1/.m2/repository/org/apache/maven/maven-model/3.0/maven-model-3.0.jar:/home/neela1/.m2/repository/org/apache/maven/maven-artifact/3.0/maven-artifact-3.0.jar:/home/neela1/.m2/repository/org/sonatype/sisu/sisu-inject-plexus/1.4.2/sisu-inject-plexus-1.4.2.jar:/home/neela1/.m2/repository/org/sonatype/sisu/sisu-inject-bean/1.4.2/sisu-inject-bean-1.4.2.jar:/home/neela1/.m2/repository/org/sonatype/sisu/sisu-guice/2.1.7/sisu-guice-2.1.7-noaop.jar:/home/neela1/.m2/repository/org/apache/maven/maven-core/3.0/maven-core-3.0.jar:/home/neela1/.m2/repository/org/apache/maven/maven-settings/3.0/maven-settings-3.0.jar:/home/neela1/.m2/repository/org/apache/maven/maven-settings-builder/3.0/maven-settings-builder-3.0.jar:/home/neela1/.m2/repository/org/apache/maven/maven-repository-metadata/3.0/maven-repository-metadata-3.0.jar:/home/neela1/.m2/repository/org/apache/maven/maven-model-builder/3.0/maven-model-builder-3.0.jar:/home/neela1/.m2/repository/org/apache/maven/maven-aether-provider/3.0/maven-aether-provider-3.0.jar:/home/neela1/.m2/repository/org/sonatype/aether/aether-impl/1.7/aether-impl-1.7.jar:/home/neela1/.m2/repository/org/sonatype/aether/aether-spi/1.7/aether-spi-1.7.jar:/home/neela1/.m2/repository/org/sonatype/aether/aether-api/1.7/aether-api-1.7.jar:/home/neela1/.m2/repository/org/sonatype/aether/aether-util/1.7/aether-util-1.7.jar:/home/neela1/.m2/repository/org/codehaus/plexus/plexus-interpolation/1.14/plexus-interpolation-1.14.jar:/home/neela1/.m2/repository/org/codehaus/plexus/plexus-classworlds/2.2.3/plexus-classworlds-2.2.3.jar:/home/neela1/.m2/repository/org/codehaus/plexus/plexus-component-annotations/1.5.5/plexus-component-annotations-1.5.5.jar:/home/neela1/.m2/repository/org/sonatype/plexus/plexus-sec-dispatcher/1.3/plexus-sec-dispatcher-1.3.jar:/home/neela1/.m2/repository/org/sonatype/plexus/plexus-cipher/1.4/plexus-cipher-1.4.jar:/home/neela1/.m2/repository/org/codehaus/plexus/plexus-utils/3.0.22/plexus-utils-3.0.22.jar:/home/neela1/.m2/repository/org/apache/maven/shared/file-management/1.2.1/file-management-1.2.1.jar:/home/neela1/.m2/repository/org/apache/maven/shared/maven-shared-io/1.1/maven-shared-io-1.1.jar:/home/neela1/.m2/repository/org/apache/maven/maven-artifact-manager/2.0.2/maven-artifact-manager-2.0.2.jar:/home/neela1/.m2/repository/org/apache/maven/wagon/wagon-provider-api/1.0-alpha-6/wagon-provider-api-1.0-alpha-6.jar:/home/neela1/.m2/repository/org/codehaus/plexus/plexus-container-default/1.0-alpha-9/plexus-container-default-1.0-alpha-9.jar:/home/neela1/.m2/repository/classworlds/classworlds/1.1-alpha-2/classworlds-1.1-alpha-2.jar:/home/neela1/.m2/repository/org/apache/maven/reporting/maven-reporting-api/3.0/maven-reporting-api-3.0.jar:/home/neela1/.m2/repository/org/apache/maven/doxia/doxia-sink-api/1.0/doxia-sink-api-1.0.jar:/home/neela1/.m2/repository/org/apache/maven/reporting/maven-reporting-impl/2.1/maven-reporting-impl-2.1.jar:/home/neela1/.m2/repository/org/apache/maven/maven-project/2.0.10/maven-project-2.0.10.jar:/home/neela1/.m2/repository/org/apache/maven/maven-profile/2.0.10/maven-profile-2.0.10.jar:/home/neela1/.m2/repository/org/apache/maven/maven-plugin-registry/2.0.10/maven-plugin-registry-2.0.10.jar:/home/neela1/.m2/repository/org/apache/maven/doxia/doxia-core/1.1.2/doxia-core-1.1.2.jar:/home/neela1/.m2/repository/org/apache/maven/doxia/doxia-logging-api/1.1.2/doxia-logging-api-1.1.2.jar:/home/neela1/.m2/repository/xerces/xercesImpl/2.8.1/xercesImpl-2.8.1.jar:/home/neela1/.m2/repository/commons-lang/commons-lang/2.4/commons-lang-2.4.jar:/home/neela1/.m2/repository/commons-httpclient/commons-httpclient/3.1/commons-httpclient-3.1.jar:/home/neela1/.m2/repository/commons-codec/commons-codec/1.2/commons-codec-1.2.jar:/home/neela1/.m2/repository/org/apache/maven/doxia/doxia-site-renderer/1.1.2/doxia-site-renderer-1.1.2.jar:/home/neela1/.m2/repository/org/apache/maven/doxia/doxia-decoration-model/1.1.2/doxia-decoration-model-1.1.2.jar:/home/neela1/.m2/repository/org/apache/maven/doxia/doxia-module-xhtml/1.1.2/doxia-module-xhtml-1.1.2.jar:/home/neela1/.m2/repository/org/apache/maven/doxia/doxia-module-fml/1.1.2/doxia-module-fml-1.1.2.jar:/home/neela1/.m2/repository/org/codehaus/plexus/plexus-i18n/1.0-beta-7/plexus-i18n-1.0-beta-7.jar:/home/neela1/.m2/repository/org/codehaus/plexus/plexus-velocity/1.1.7/plexus-velocity-1.1.7.jar:/home/neela1/.m2/repository/org/apache/velocity/velocity/1.5/velocity-1.5.jar:/home/neela1/.m2/repository/commons-collections/commons-collections/3.2/commons-collections-3.2.jar:/home/neela1/.m2/repository/commons-validator/commons-validator/1.2.0/commons-validator-1.2.0.jar:/home/neela1/.m2/repository/commons-beanutils/commons-beanutils/1.7.0/commons-beanutils-1.7.0.jar:/home/neela1/.m2/repository/commons-digester/commons-digester/1.6/commons-digester-1.6.jar:/home/neela1/.m2/repository/commons-logging/commons-logging/1.0.4/commons-logging-1.0.4.jar:/home/neela1/.m2/repository/oro/oro/2.0.8/oro-2.0.8.jar:/home/neela1/.m2/repository/xml-apis/xml-apis/1.0.b2/xml-apis-1.0.b2.jar:/home/neela1/.m2/repository/org/jacoco/org.jacoco.agent/0.8.6/org.jacoco.agent-0.8.6-runtime.jar:/home/neela1/.m2/repository/org/jacoco/org.jacoco.core/0.8.6/org.jacoco.core-0.8.6.jar:/home/neela1/.m2/repository/org/ow2/asm/asm/8.0.1/asm-8.0.1.jar:/home/neela1/.m2/repository/org/ow2/asm/asm-commons/8.0.1/asm-commons-8.0.1.jar:/home/neela1/.m2/repository/org/ow2/asm/asm-analysis/8.0.1/asm-analysis-8.0.1.jar:/home/neela1/.m2/repository/org/ow2/asm/asm-tree/8.0.1/asm-tree-8.0.1.jar:/home/neela1/.m2/repository/org/jacoco/org.jacoco.report/0.8.6/org.jacoco.report-0.8.6.jar:"/>
    <property name="java.vm.vendor" value="Private Build"/>
    <property name="sun.arch.data.model" value="64"/>
    <property name="java.vendor.url" value="Unknown"/>
    <property name="os.name" value="Linux"/>
    <property name="java.vm.specification.version" value="17"/>
    <property name="sun.java.launcher" value="SUN_STANDARD"/>
    <property name="user.country" value="US"/>
    <property name="sun.boot.library.path" value="/usr/lib/jvm/java-17-openjdk-amd64/lib"/>
    <property name="sun.java.command" value="/home/neela1/Industry-Grade-Project/target/surefire/surefirebooter-20240103072034771_3.jar /home/neela1/Industry-Grade-Project/target/surefire 2024-01-03T07-20-34_615-jvmRun1 surefire-20240103072034771_1tmp surefire_0-20240103072034771_2tmp"/>
    <property name="jdk.debug" value="release"/>
    <property name="surefire.test.class.path" value="/home/neela1/Industry-Grade-Project/target/test-classes:/home/neela1/Industry-Grade-Project/target/classes:/home/neela1/.m2/repository/junit/junit/4.4/junit-4.4.jar:/home/neela1/.m2/repository/org/jacoco/jacoco-maven-plugin/0.8.6/jacoco-maven-plugin-0.8.6.jar:/home/neela1/.m2/repository/org/apache/maven/maven-plugin-api/3.0/maven-plugin-api-3.0.jar:/home/neela1/.m2/repository/org/apache/maven/maven-model/3.0/maven-model-3.0.jar:/home/neela1/.m2/repository/org/apache/maven/maven-artifact/3.0/maven-artifact-3.0.jar:/home/neela1/.m2/repository/org/sonatype/sisu/sisu-inject-plexus/1.4.2/sisu-inject-plexus-1.4.2.jar:/home/neela1/.m2/repository/org/sonatype/sisu/sisu-inject-bean/1.4.2/sisu-inject-bean-1.4.2.jar:/home/neela1/.m2/repository/org/sonatype/sisu/sisu-guice/2.1.7/sisu-guice-2.1.7-noaop.jar:/home/neela1/.m2/repository/org/apache/maven/maven-core/3.0/maven-core-3.0.jar:/home/neela1/.m2/repository/org/apache/maven/maven-settings/3.0/maven-settings-3.0.jar:/home/neela1/.m2/repository/org/apache/maven/maven-settings-builder/3.0/maven-settings-builder-3.0.jar:/home/neela1/.m2/repository/org/apache/maven/maven-repository-metadata/3.0/maven-repository-metadata-3.0.jar:/home/neela1/.m2/repository/org/apache/maven/maven-model-builder/3.0/maven-model-builder-3.0.jar:/home/neela1/.m2/repository/org/apache/maven/maven-aether-provider/3.0/maven-aether-provider-3.0.jar:/home/neela1/.m2/repository/org/sonatype/aether/aether-impl/1.7/aether-impl-1.7.jar:/home/neela1/.m2/repository/org/sonatype/aether/aether-spi/1.7/aether-spi-1.7.jar:/home/neela1/.m2/repository/org/sonatype/aether/aether-api/1.7/aether-api-1.7.jar:/home/neela1/.m2/repository/org/sonatype/aether/aether-util/1.7/aether-util-1.7.jar:/home/neela1/.m2/repository/org/codehaus/plexus/plexus-interpolation/1.14/plexus-interpolation-1.14.jar:/home/neela1/.m2/repository/org/codehaus/plexus/plexus-classworlds/2.2.3/plexus-classworlds-2.2.3.jar:/home/neela1/.m2/repository/org/codehaus/plexus/plexus-component-annotations/1.5.5/plexus-component-annotations-1.5.5.jar:/home/neela1/.m2/repository/org/sonatype/plexus/plexus-sec-dispatcher/1.3/plexus-sec-dispatcher-1.3.jar:/home/neela1/.m2/repository/org/sonatype/plexus/plexus-cipher/1.4/plexus-cipher-1.4.jar:/home/neela1/.m2/repository/org/codehaus/plexus/plexus-utils/3.0.22/plexus-utils-3.0.22.jar:/home/neela1/.m2/repository/org/apache/maven/shared/file-management/1.2.1/file-management-1.2.1.jar:/home/neela1/.m2/repository/org/apache/maven/shared/maven-shared-io/1.1/maven-shared-io-1.1.jar:/home/neela1/.m2/repository/org/apache/maven/maven-artifact-manager/2.0.2/maven-artifact-manager-2.0.2.jar:/home/neela1/.m2/repository/org/apache/maven/wagon/wagon-provider-api/1.0-alpha-6/wagon-provider-api-1.0-alpha-6.jar:/home/neela1/.m2/repository/org/codehaus/plexus/plexus-container-default/1.0-alpha-9/plexus-container-default-1.0-alpha-9.jar:/home/neela1/.m2/repository/classworlds/classworlds/1.1-alpha-2/classworlds-1.1-alpha-2.jar:/home/neela1/.m2/repository/org/apache/maven/reporting/maven-reporting-api/3.0/maven-reporting-api-3.0.jar:/home/neela1/.m2/repository/org/apache/maven/doxia/doxia-sink-api/1.0/doxia-sink-api-1.0.jar:/home/neela1/.m2/repository/org/apache/maven/reporting/maven-reporting-impl/2.1/maven-reporting-impl-2.1.jar:/home/neela1/.m2/repository/org/apache/maven/maven-project/2.0.10/maven-project-2.0.10.jar:/home/neela1/.m2/repository/org/apache/maven/maven-profile/2.0.10/maven-profile-2.0.10.jar:/home/neela1/.m2/repository/org/apache/maven/maven-plugin-registry/2.0.10/maven-plugin-registry-2.0.10.jar:/home/neela1/.m2/repository/org/apache/maven/doxia/doxia-core/1.1.2/doxia-core-1.1.2.jar:/home/neela1/.m2/repository/org/apache/maven/doxia/doxia-logging-api/1.1.2/doxia-logging-api-1.1.2.jar:/home/neela1/.m2/repository/xerces/xercesImpl/2.8.1/xercesImpl-2.8.1.jar:/home/neela1/.m2/repository/commons-lang/commons-lang/2.4/commons-lang-2.4.jar:/home/neela1/.m2/repository/commons-httpclient/commons-httpclient/3.1/commons-httpclient-3.1.jar:/home/neela1/.m2/repository/commons-codec/commons-codec/1.2/commons-codec-1.2.jar:/home/neela1/.m2/repository/org/apache/maven/doxia/doxia-site-renderer/1.1.2/doxia-site-renderer-1.1.2.jar:/home/neela1/.m2/repository/org/apache/maven/doxia/doxia-decoration-model/1.1.2/doxia-decoration-model-1.1.2.jar:/home/neela1/.m2/repository/org/apache/maven/doxia/doxia-module-xhtml/1.1.2/doxia-module-xhtml-1.1.2.jar:/home/neela1/.m2/repository/org/apache/maven/doxia/doxia-module-fml/1.1.2/doxia-module-fml-1.1.2.jar:/home/neela1/.m2/repository/org/codehaus/plexus/plexus-i18n/1.0-beta-7/plexus-i18n-1.0-beta-7.jar:/home/neela1/.m2/repository/org/codehaus/plexus/plexus-velocity/1.1.7/plexus-velocity-1.1.7.jar:/home/neela1/.m2/repository/org/apache/velocity/velocity/1.5/velocity-1.5.jar:/home/neela1/.m2/repository/commons-collections/commons-collections/3.2/commons-collections-3.2.jar:/home/neela1/.m2/repository/commons-validator/commons-validator/1.2.0/commons-validator-1.2.0.jar:/home/neela1/.m2/repository/commons-beanutils/commons-beanutils/1.7.0/commons-beanutils-1.7.0.jar:/home/neela1/.m2/repository/commons-digester/commons-digester/1.6/commons-digester-1.6.jar:/home/neela1/.m2/repository/commons-logging/commons-logging/1.0.4/commons-logging-1.0.4.jar:/home/neela1/.m2/repository/oro/oro/2.0.8/oro-2.0.8.jar:/home/neela1/.m2/repository/xml-apis/xml-apis/1.0.b2/xml-apis-1.0.b2.jar:/home/neela1/.m2/repository/org/jacoco/org.jacoco.agent/0.8.6/org.jacoco.agent-0.8.6-runtime.jar:/home/neela1/.m2/repository/org/jacoco/org.jacoco.core/0.8.6/org.jacoco.core-0.8.6.jar:/home/neela1/.m2/repository/org/ow2/asm/asm/8.0.1/asm-8.0.1.jar:/home/neela1/.m2/repository/org/ow2/asm/asm-commons/8.0.1/asm-commons-8.0.1.jar:/home/neela1/.m2/repository/org/ow2/asm/asm-analysis/8.0.1/asm-analysis-8.0.1.jar:/home/neela1/.m2/repository/org/ow2/asm/asm-tree/8.0.1/asm-tree-8.0.1.jar:/home/neela1/.m2/repository/org/jacoco/org.jacoco.report/0.8.6/org.jacoco.report-0.8.6.jar:"/>
    <property name="sun.cpu.endian" value="little"/>
    <property name="user.home" value="/home/neela1"/>
    <property name="user.language" value="en"/>
    <property name="java.specification.vendor" value="Oracle Corporation"/>
    <property name="java.version.date" value="2023-10-17"/>
    <property name="java.home" value="/usr/lib/jvm/java-17-openjdk-amd64"/>
    <property name="file.separator" value="/"/>
    <property name="basedir" value="/home/neela1/Industry-Grade-Project"/>
    <property name="java.vm.compressedOopsMode" value="32-bit"/>
    <property name="line.separator" value="&#10;"/>
    <property name="java.vm.specification.vendor" value="Oracle Corporation"/>
    <property name="java.specification.name" value="Java Platform API Specification"/>
    <property name="surefire.real.class.path" value="/home/neela1/Industry-Grade-Project/target/surefire/surefirebooter-20240103072034771_3.jar"/>
    <property name="sun.management.compiler" value="HotSpot 64-Bit Tiered Compilers"/>
    <property name="java.runtime.version" value="17.0.9+9-Ubuntu-120.04"/>
    <property name="user.name" value="neela1"/>
    <property name="path.separator" value=":"/>
    <property name="os.version" value="5.4.0-169-generic"/>
    <property name="java.runtime.name" value="OpenJDK Runtime Environment"/>
    <property name="file.encoding" value="UTF-8"/>
    <property name="java.vm.name" value="OpenJDK 64-Bit Server VM"/>
    <property name="localRepository" value="/home/neela1/.m2/repository"/>
    <property name="java.vendor.url.bug" value="Unknown"/>
    <property name="java.io.tmpdir" value="/tmp"/>
    <property name="java.version" value="17.0.9"/>
    <property name="user.dir" value="/home/neela1/Industry-Grade-Project"/>
    <property name="os.arch" value="amd64"/>
    <property name="java.vm.specification.name" value="Java Virtual Machine Specification"/>
    <property name="native.encoding" value="UTF-8"/>
    <property name="java.library.path" value="/usr/java/packages/lib:/usr/lib/x86_64-linux-gnu/jni:/lib/x86_64-linux-gnu:/usr/lib/x86_64-linux-gnu:/usr/lib/jni:/lib:/usr/lib"/>
    <property name="java.vm.info" value="mixed mode, sharing"/>
    <property name="java.vendor" value="Private Build"/>
    <property name="java.vm.version" value="17.0.9+9-Ubuntu-120.04"/>
    <property name="sun.io.unicode.encoding" value="UnicodeLittle"/>
    <property name="java.class.version" value="61.0"/>
  </properties>
  <testcase name="createUserShouldWorkSuccessfully" classname="com.abc.dataAccessObject.ProductImpTest" time="0.0"/>
  <testcase name="readUserShouldWorkSuccessfully" classname="com.abc.dataAccessObject.ProductImpTest" time="0.001"/>
  <testcase name="readDesciptionUserShouldWorkSuccessfully" classname="com.abc.dataAccessObject.ProductImpTest" time="0.001"/>
  <testcase name="readPriceUserShouldWorkSuccessfully" classname="com.abc.dataAccessObject.ProductImpTest" time="0.001"/>
</testsuite>